[25-Jan-2026 01:23:10 Africa/Cairo] Success: Manual test log entry works!
[25-Jan-2026 01:23:10 Africa/Cairo] PHP Warning:  Undefined variable $undefined_variable in C:\xampp\htdocs\SCCI-Season26-Platform\test_log.php on line 9
[25-Jan-2026 04:00:32 Africa/Cairo] PHP Fatal error:  Uncaught mysqli_sql_exception: Unknown database 'scci_26' in C:\xampp\htdocs\SCCI-Season26-Platform\includes\config.php:33
Stack trace:
#0 C:\xampp\htdocs\SCCI-Season26-Platform\includes\config.php(33): mysqli_connect('localhost', 'root', Object(SensitiveParameterValue), 'scci_26')
#1 C:\xampp\htdocs\SCCI-Season26-Platform\profile.php(3): include('C:\\xampp\\htdocs...')
#2 {main}
  thrown in C:\xampp\htdocs\SCCI-Season26-Platform\includes\config.php on line 33
[25-Jan-2026 04:00:35 Africa/Cairo] PHP Fatal error:  Uncaught mysqli_sql_exception: Unknown database 'scci_26' in C:\xampp\htdocs\SCCI-Season26-Platform\includes\config.php:33
Stack trace:
#0 C:\xampp\htdocs\SCCI-Season26-Platform\includes\config.php(33): mysqli_connect('localhost', 'root', Object(SensitiveParameterValue), 'scci_26')
#1 C:\xampp\htdocs\SCCI-Season26-Platform\profile.php(3): include('C:\\xampp\\htdocs...')
#2 {main}
  thrown in C:\xampp\htdocs\SCCI-Season26-Platform\includes\config.php on line 33
[25-Jan-2026 04:00:37 Africa/Cairo] PHP Fatal error:  Uncaught mysqli_sql_exception: Unknown database 'scci_26' in C:\xampp\htdocs\SCCI-Season26-Platform\includes\config.php:33
Stack trace:
#0 C:\xampp\htdocs\SCCI-Season26-Platform\includes\config.php(33): mysqli_connect('localhost', 'root', Object(SensitiveParameterValue), 'scci_26')
#1 C:\xampp\htdocs\SCCI-Season26-Platform\profile.php(3): include('C:\\xampp\\htdocs...')
#2 {main}
  thrown in C:\xampp\htdocs\SCCI-Season26-Platform\includes\config.php on line 33
[25-Jan-2026 04:00:42 Africa/Cairo] PHP Fatal error:  Uncaught mysqli_sql_exception: Unknown database 'scci_26' in C:\xampp\htdocs\SCCI-Season26-Platform\includes\config.php:33
Stack trace:
#0 C:\xampp\htdocs\SCCI-Season26-Platform\includes\config.php(33): mysqli_connect('localhost', 'root', Object(SensitiveParameterValue), 'scci_26')
#1 C:\xampp\htdocs\SCCI-Season26-Platform\profile.php(3): include('C:\\xampp\\htdocs...')
#2 {main}
  thrown in C:\xampp\htdocs\SCCI-Season26-Platform\includes\config.php on line 33
[25-Jan-2026 04:00:51 Africa/Cairo] PHP Fatal error:  Uncaught mysqli_sql_exception: Unknown database 'scci_26' in C:\xampp\htdocs\SCCI-Season26-Platform\includes\config.php:33
Stack trace:
#0 C:\xampp\htdocs\SCCI-Season26-Platform\includes\config.php(33): mysqli_connect('localhost', 'root', Object(SensitiveParameterValue), 'scci_26')
#1 C:\xampp\htdocs\SCCI-Season26-Platform\profile.php(3): include('C:\\xampp\\htdocs...')
#2 {main}
  thrown in C:\xampp\htdocs\SCCI-Season26-Platform\includes\config.php on line 33
[25-Jan-2026 04:00:55 Africa/Cairo] PHP Fatal error:  Uncaught mysqli_sql_exception: Unknown database 'scci_26' in C:\xampp\htdocs\SCCI-Season26-Platform\includes\config.php:33
Stack trace:
#0 C:\xampp\htdocs\SCCI-Season26-Platform\includes\config.php(33): mysqli_connect('localhost', 'root', Object(SensitiveParameterValue), 'scci_26')
#1 C:\xampp\htdocs\SCCI-Season26-Platform\itPanel.php(3): include('C:\\xampp\\htdocs...')
#2 {main}
  thrown in C:\xampp\htdocs\SCCI-Season26-Platform\includes\config.php on line 33
[25-Jan-2026 04:01:02 Africa/Cairo] PHP Fatal error:  Uncaught mysqli_sql_exception: Unknown database 'scci_26' in C:\xampp\htdocs\SCCI-Season26-Platform\includes\config.php:33
Stack trace:
#0 C:\xampp\htdocs\SCCI-Season26-Platform\includes\config.php(33): mysqli_connect('localhost', 'root', Object(SensitiveParameterValue), 'scci_26')
#1 C:\xampp\htdocs\SCCI-Season26-Platform\itPanel.php(3): include('C:\\xampp\\htdocs...')
#2 {main}
  thrown in C:\xampp\htdocs\SCCI-Season26-Platform\includes\config.php on line 33
[25-Jan-2026 04:01:04 Africa/Cairo] PHP Fatal error:  Uncaught mysqli_sql_exception: Unknown database 'scci_26' in C:\xampp\htdocs\SCCI-Season26-Platform\includes\config.php:33
Stack trace:
#0 C:\xampp\htdocs\SCCI-Season26-Platform\includes\config.php(33): mysqli_connect('localhost', 'root', Object(SensitiveParameterValue), 'scci_26')
#1 C:\xampp\htdocs\SCCI-Season26-Platform\itPanel.php(3): include('C:\\xampp\\htdocs...')
#2 {main}
  thrown in C:\xampp\htdocs\SCCI-Season26-Platform\includes\config.php on line 33
[25-Jan-2026 04:01:12 Africa/Cairo] PHP Fatal error:  Uncaught mysqli_sql_exception: Unknown database 'scci_26' in C:\xampp\htdocs\SCCI-Season26-Platform\includes\config.php:33
Stack trace:
#0 C:\xampp\htdocs\SCCI-Season26-Platform\includes\config.php(33): mysqli_connect('localhost', 'root', Object(SensitiveParameterValue), 'scci_26')
#1 C:\xampp\htdocs\SCCI-Season26-Platform\profile.php(3): include('C:\\xampp\\htdocs...')
#2 {main}
  thrown in C:\xampp\htdocs\SCCI-Season26-Platform\includes\config.php on line 33
[25-Jan-2026 04:01:16 Africa/Cairo] PHP Fatal error:  Uncaught mysqli_sql_exception: Unknown database 'scci_26' in C:\xampp\htdocs\SCCI-Season26-Platform\includes\config.php:33
Stack trace:
#0 C:\xampp\htdocs\SCCI-Season26-Platform\includes\config.php(33): mysqli_connect('localhost', 'root', Object(SensitiveParameterValue), 'scci_26')
#1 C:\xampp\htdocs\SCCI-Season26-Platform\profile.php(3): include('C:\\xampp\\htdocs...')
#2 {main}
  thrown in C:\xampp\htdocs\SCCI-Season26-Platform\includes\config.php on line 33
[25-Jan-2026 04:01:22 Africa/Cairo] PHP Fatal error:  Uncaught mysqli_sql_exception: Unknown database 'scci_26' in C:\xampp\htdocs\SCCI-Season26-Platform\includes\config.php:33
Stack trace:
#0 C:\xampp\htdocs\SCCI-Season26-Platform\includes\config.php(33): mysqli_connect('localhost', 'root', Object(SensitiveParameterValue), 'scci_26')
#1 C:\xampp\htdocs\SCCI-Season26-Platform\memberWorkshopPanel.php(3): include('C:\\xampp\\htdocs...')
#2 {main}
  thrown in C:\xampp\htdocs\SCCI-Season26-Platform\includes\config.php on line 33
[25-Jan-2026 04:01:24 Africa/Cairo] PHP Fatal error:  Uncaught mysqli_sql_exception: Unknown database 'scci_26' in C:\xampp\htdocs\SCCI-Season26-Platform\includes\config.php:33
Stack trace:
#0 C:\xampp\htdocs\SCCI-Season26-Platform\includes\config.php(33): mysqli_connect('localhost', 'root', Object(SensitiveParameterValue), 'scci_26')
#1 C:\xampp\htdocs\SCCI-Season26-Platform\memberWorkshopPanel.php(3): include('C:\\xampp\\htdocs...')
#2 {main}
  thrown in C:\xampp\htdocs\SCCI-Season26-Platform\includes\config.php on line 33
[25-Jan-2026 04:01:28 Africa/Cairo] PHP Fatal error:  Uncaught mysqli_sql_exception: Unknown database 'scci_26' in C:\xampp\htdocs\SCCI-Season26-Platform\includes\config.php:33
Stack trace:
#0 C:\xampp\htdocs\SCCI-Season26-Platform\includes\config.php(33): mysqli_connect('localhost', 'root', Object(SensitiveParameterValue), 'scci_26')
#1 C:\xampp\htdocs\SCCI-Season26-Platform\memberWorkshopPanel.php(3): include('C:\\xampp\\htdocs...')
#2 {main}
  thrown in C:\xampp\htdocs\SCCI-Season26-Platform\includes\config.php on line 33
[25-Jan-2026 04:01:34 Africa/Cairo] PHP Fatal error:  Uncaught mysqli_sql_exception: Unknown database 'scci_26' in C:\xampp\htdocs\SCCI-Season26-Platform\includes\config.php:33
Stack trace:
#0 C:\xampp\htdocs\SCCI-Season26-Platform\includes\config.php(33): mysqli_connect('localhost', 'root', Object(SensitiveParameterValue), 'scci_26')
#1 C:\xampp\htdocs\SCCI-Season26-Platform\memberWorkshopPanel.php(3): include('C:\\xampp\\htdocs...')
#2 {main}
  thrown in C:\xampp\htdocs\SCCI-Season26-Platform\includes\config.php on line 33
[25-Jan-2026 04:01:36 Africa/Cairo] PHP Fatal error:  Uncaught mysqli_sql_exception: Unknown database 'scci_26' in C:\xampp\htdocs\SCCI-Season26-Platform\includes\config.php:33
Stack trace:
#0 C:\xampp\htdocs\SCCI-Season26-Platform\includes\config.php(33): mysqli_connect('localhost', 'root', Object(SensitiveParameterValue), 'scci_26')
#1 C:\xampp\htdocs\SCCI-Season26-Platform\memberWorkshopPanel.php(3): include('C:\\xampp\\htdocs...')
#2 {main}
  thrown in C:\xampp\htdocs\SCCI-Season26-Platform\includes\config.php on line 33
[25-Jan-2026 04:01:39 Africa/Cairo] PHP Fatal error:  Uncaught mysqli_sql_exception: Unknown database 'scci_26' in C:\xampp\htdocs\SCCI-Season26-Platform\includes\config.php:33
Stack trace:
#0 C:\xampp\htdocs\SCCI-Season26-Platform\includes\config.php(33): mysqli_connect('localhost', 'root', Object(SensitiveParameterValue), 'scci_26')
#1 C:\xampp\htdocs\SCCI-Season26-Platform\profile.php(3): include('C:\\xampp\\htdocs...')
#2 {main}
  thrown in C:\xampp\htdocs\SCCI-Season26-Platform\includes\config.php on line 33
[25-Jan-2026 04:01:40 Africa/Cairo] PHP Fatal error:  Uncaught mysqli_sql_exception: Unknown database 'scci_26' in C:\xampp\htdocs\SCCI-Season26-Platform\includes\config.php:33
Stack trace:
#0 C:\xampp\htdocs\SCCI-Season26-Platform\includes\config.php(33): mysqli_connect('localhost', 'root', Object(SensitiveParameterValue), 'scci_26')
#1 C:\xampp\htdocs\SCCI-Season26-Platform\itPanel.php(3): include('C:\\xampp\\htdocs...')
#2 {main}
  thrown in C:\xampp\htdocs\SCCI-Season26-Platform\includes\config.php on line 33
[25-Jan-2026 04:01:41 Africa/Cairo] PHP Fatal error:  Uncaught mysqli_sql_exception: Unknown database 'scci_26' in C:\xampp\htdocs\SCCI-Season26-Platform\includes\config.php:33
Stack trace:
#0 C:\xampp\htdocs\SCCI-Season26-Platform\includes\config.php(33): mysqli_connect('localhost', 'root', Object(SensitiveParameterValue), 'scci_26')
#1 C:\xampp\htdocs\SCCI-Season26-Platform\memberWorkshopPanel.php(3): include('C:\\xampp\\htdocs...')
#2 {main}
  thrown in C:\xampp\htdocs\SCCI-Season26-Platform\includes\config.php on line 33
[25-Jan-2026 04:01:41 Africa/Cairo] PHP Fatal error:  Uncaught mysqli_sql_exception: Unknown database 'scci_26' in C:\xampp\htdocs\SCCI-Season26-Platform\includes\config.php:33
Stack trace:
#0 C:\xampp\htdocs\SCCI-Season26-Platform\includes\config.php(33): mysqli_connect('localhost', 'root', Object(SensitiveParameterValue), 'scci_26')
#1 C:\xampp\htdocs\SCCI-Season26-Platform\crew.php(2): include('C:\\xampp\\htdocs...')
#2 {main}
  thrown in C:\xampp\htdocs\SCCI-Season26-Platform\includes\config.php on line 33
[25-Jan-2026 04:02:05 Africa/Cairo] PHP Fatal error:  Uncaught mysqli_sql_exception: Unknown database 'scci_26' in C:\xampp\htdocs\SCCI-Season26-Platform\includes\config.php:33
Stack trace:
#0 C:\xampp\htdocs\SCCI-Season26-Platform\includes\config.php(33): mysqli_connect('localhost', 'root', Object(SensitiveParameterValue), 'scci_26')
#1 C:\xampp\htdocs\SCCI-Season26-Platform\workshops.php(2): include('C:\\xampp\\htdocs...')
#2 {main}
  thrown in C:\xampp\htdocs\SCCI-Season26-Platform\includes\config.php on line 33
[25-Jan-2026 04:02:15 Africa/Cairo] PHP Fatal error:  Uncaught mysqli_sql_exception: Unknown database 'scci_26' in C:\xampp\htdocs\SCCI-Season26-Platform\includes\config.php:33
Stack trace:
#0 C:\xampp\htdocs\SCCI-Season26-Platform\includes\config.php(33): mysqli_connect('localhost', 'root', Object(SensitiveParameterValue), 'scci_26')
#1 C:\xampp\htdocs\SCCI-Season26-Platform\gallary.php(2): include('C:\\xampp\\htdocs...')
#2 {main}
  thrown in C:\xampp\htdocs\SCCI-Season26-Platform\includes\config.php on line 33
[25-Jan-2026 04:02:20 Africa/Cairo] PHP Fatal error:  Uncaught mysqli_sql_exception: Unknown database 'scci_26' in C:\xampp\htdocs\SCCI-Season26-Platform\includes\config.php:33
Stack trace:
#0 C:\xampp\htdocs\SCCI-Season26-Platform\includes\config.php(33): mysqli_connect('localhost', 'root', Object(SensitiveParameterValue), 'scci_26')
#1 C:\xampp\htdocs\SCCI-Season26-Platform\about.php(2): include('C:\\xampp\\htdocs...')
#2 {main}
  thrown in C:\xampp\htdocs\SCCI-Season26-Platform\includes\config.php on line 33
[25-Jan-2026 04:02:21 Africa/Cairo] PHP Fatal error:  Uncaught mysqli_sql_exception: Unknown database 'scci_26' in C:\xampp\htdocs\SCCI-Season26-Platform\includes\config.php:33
Stack trace:
#0 C:\xampp\htdocs\SCCI-Season26-Platform\includes\config.php(33): mysqli_connect('localhost', 'root', Object(SensitiveParameterValue), 'scci_26')
#1 C:\xampp\htdocs\SCCI-Season26-Platform\home.php(3): include('C:\\xampp\\htdocs...')
#2 {main}
  thrown in C:\xampp\htdocs\SCCI-Season26-Platform\includes\config.php on line 33
[25-Jan-2026 04:02:22 Africa/Cairo] PHP Fatal error:  Uncaught mysqli_sql_exception: Unknown database 'scci_26' in C:\xampp\htdocs\SCCI-Season26-Platform\includes\config.php:33
Stack trace:
#0 C:\xampp\htdocs\SCCI-Season26-Platform\includes\config.php(33): mysqli_connect('localhost', 'root', Object(SensitiveParameterValue), 'scci_26')
#1 C:\xampp\htdocs\SCCI-Season26-Platform\crew.php(2): include('C:\\xampp\\htdocs...')
#2 {main}
  thrown in C:\xampp\htdocs\SCCI-Season26-Platform\includes\config.php on line 33
[25-Jan-2026 04:02:49 Africa/Cairo] PHP Fatal error:  Uncaught mysqli_sql_exception: Unknown database 'scci_26' in C:\xampp\htdocs\SCCI-Season26-Platform\includes\config.php:33
Stack trace:
#0 C:\xampp\htdocs\SCCI-Season26-Platform\includes\config.php(33): mysqli_connect('localhost', 'root', Object(SensitiveParameterValue), 'scci_26')
#1 C:\xampp\htdocs\SCCI-Season26-Platform\home.php(3): include('C:\\xampp\\htdocs...')
#2 {main}
  thrown in C:\xampp\htdocs\SCCI-Season26-Platform\includes\config.php on line 33
[25-Jan-2026 04:06:51 Africa/Cairo] PHP Deprecated:  htmlspecialchars(): Passing null to parameter #1 ($string) of type string is deprecated in C:\xampp\htdocs\SCCI-Season26-Platform\profile.php on line 325
[25-Jan-2026 04:06:51 Africa/Cairo] PHP Deprecated:  htmlspecialchars(): Passing null to parameter #1 ($string) of type string is deprecated in C:\xampp\htdocs\SCCI-Season26-Platform\profile.php on line 331
[25-Jan-2026 04:08:16 Africa/Cairo] PHP Deprecated:  htmlspecialchars(): Passing null to parameter #1 ($string) of type string is deprecated in C:\xampp\htdocs\SCCI-Season26-Platform\profile.php on line 325
[25-Jan-2026 04:08:16 Africa/Cairo] PHP Deprecated:  htmlspecialchars(): Passing null to parameter #1 ($string) of type string is deprecated in C:\xampp\htdocs\SCCI-Season26-Platform\profile.php on line 331
[25-Jan-2026 04:23:26 Africa/Cairo] PHP Fatal error:  Uncaught mysqli_sql_exception: Unknown database 'scci_26' in C:\xampp\htdocs\SCCI-Season26-Platform\includes\config.php:33
Stack trace:
#0 C:\xampp\htdocs\SCCI-Season26-Platform\includes\config.php(33): mysqli_connect('localhost', 'root', Object(SensitiveParameterValue), 'scci_26')
#1 C:\xampp\htdocs\SCCI-Season26-Platform\gallary.php(2): include('C:\\xampp\\htdocs...')
#2 {main}
  thrown in C:\xampp\htdocs\SCCI-Season26-Platform\includes\config.php on line 33
